<?xml version="1.0" encoding="UTF-8"?>
<testng-results ignored="0" total="3" passed="3" failed="0" skipped="0">
  <reporter-output>
  </reporter-output>
  <suite started-at="2024-07-29T10:09:11 IST" name="Suite" finished-at="2024-07-29T10:09:15 IST" duration-ms="3917">
    <groups>
    </groups>
    <test started-at="2024-07-29T10:09:11 IST" name="Test" finished-at="2024-07-29T10:09:15 IST" duration-ms="3917">
      <class name="basic.saucedemo">
        <test-method signature="test()[pri:0, instance:basic.saucedemo@206a70ef]" started-at="2024-07-29T10:09:11 IST" name="test" finished-at="2024-07-29T10:09:13 IST" duration-ms="1716" status="PASS">
          <reporter-output>
          </reporter-output>
        </test-method> <!-- test -->
      </class> <!-- basic.saucedemo -->
      <class name="basic.youtube">
        <test-method signature="test()[pri:0, instance:basic.youtube@1d296da]" started-at="2024-07-29T10:09:11 IST" name="test" finished-at="2024-07-29T10:09:15 IST" duration-ms="3875" status="PASS">
          <reporter-output>
          </reporter-output>
        </test-method> <!-- test -->
      </class> <!-- basic.youtube -->
      <class name="basic.github">
        <test-method signature="test()[pri:0, instance:basic.github@c730b35]" started-at="2024-07-29T10:09:11 IST" name="test" finished-at="2024-07-29T10:09:14 IST" duration-ms="2894" status="PASS">
          <reporter-output>
          </reporter-output>
        </test-method> <!-- test -->
      </class> <!-- basic.github -->
    </test> <!-- Test -->
  </suite> <!-- Suite -->
</testng-results>
