<?xml version="1.0" encoding="UTF-8"?>
<testng-results ignored="0" total="1" passed="1" failed="0" skipped="0">
  <reporter-output>
  </reporter-output>
  <suite started-at="2024-07-28T15:23:10 IST" name="Default suite" finished-at="2024-07-28T15:23:22 IST" duration-ms="12372">
    <groups>
    </groups>
    <test started-at="2024-07-28T15:23:10 IST" name="Default test" finished-at="2024-07-28T15:23:22 IST" duration-ms="12372">
      <class name="basic.youtube">
        <test-method signature="test()[pri:0, instance:basic.youtube@5bf0d49]" started-at="2024-07-28T15:23:10 IST" name="test" finished-at="2024-07-28T15:23:22 IST" duration-ms="12329" status="PASS">
          <reporter-output>
          </reporter-output>
        </test-method> <!-- test -->
      </class> <!-- basic.youtube -->
    </test> <!-- Default test -->
  </suite> <!-- Default suite -->
</testng-results>
